<?xml version="1.0" encoding="UTF-8"?>
<!-- Generated by org.testng.reporters.JUnitReportReporter -->
<testsuite hostname="WSPF1EBU0Y" failures="0" tests="1" name="org.PlanCanadaTestAutomation.tests.PlanCanada_TestTribute_TC03_Message" time="22.047" errors="0" timestamp="2021-01-07T16:37:11 EST" skipped="0">
  <testcase classname="org.PlanCanadaTestAutomation.tests.PlanCanada_TestTribute_TC03_Message" name="donationTest" time="22.047"/>
  <system-out/>
</testsuite> <!-- org.PlanCanadaTestAutomation.tests.PlanCanada_TestTribute_TC03_Message -->
