<?xml version="1.0" encoding="UTF-8"?>
<!-- Generated by org.testng.reporters.JUnitReportReporter -->
<testsuite hostname="WSPF1EBU0Y" failures="0" tests="1" name="org.PlanCanadaTestAutomation.tests.SalesForce_TC01" time="38.915" errors="0" timestamp="2021-01-19T11:59:59 EST" skipped="0">
  <testcase classname="org.PlanCanadaTestAutomation.tests.SalesForce_TC01" name="salesForceTest" time="38.915"/>
  <system-out/>
</testsuite> <!-- org.PlanCanadaTestAutomation.tests.SalesForce_TC01 -->
