<?xml version="1.0" encoding="UTF-8"?>
<!-- Generated by org.testng.reporters.JUnitReportReporter -->
<testsuite hostname="WSPF1EBU0Y" failures="0" tests="3" name="org.PlanCanadaTestAutomation.tests.PlanCanada_TestTribute_TC02_DDT" time="56.130" errors="0" timestamp="2021-01-19T11:58:12 EST" skipped="0">
  <testcase classname="org.PlanCanadaTestAutomation.tests.PlanCanada_TestTribute_TC02_DDT" name="donationTest" time="20.465"/>
  <system-out/>
  <testcase classname="org.PlanCanadaTestAutomation.tests.PlanCanada_TestTribute_TC02_DDT" name="donationTest" time="17.561"/>
  <system-out/>
  <testcase classname="org.PlanCanadaTestAutomation.tests.PlanCanada_TestTribute_TC02_DDT" name="donationTest" time="18.104"/>
  <system-out/>
</testsuite> <!-- org.PlanCanadaTestAutomation.tests.PlanCanada_TestTribute_TC02_DDT -->
