<?xml version="1.0" encoding="UTF-8"?>
<!-- Generated by org.testng.reporters.JUnitReportReporter -->
<testsuite hostname="WSPF1EBU0Y" failures="0" tests="1" name="org.PlanCanadaTestAutomation.tests.PlanCanada_TestTribute_TC03" time="29.559" errors="0" timestamp="2021-01-07T11:25:33 EST" skipped="0">
  <testcase classname="org.PlanCanadaTestAutomation.tests.PlanCanada_TestTribute_TC03" name="donationTest" time="29.559"/>
  <system-out/>
</testsuite> <!-- org.PlanCanadaTestAutomation.tests.PlanCanada_TestTribute_TC03 -->
