<?xml version="1.0" encoding="UTF-8"?>
<!-- Generated by org.testng.reporters.JUnitReportReporter -->
<testsuite hostname="WSPF1EBU0Y" failures="0" tests="1" name="org.PlanCanadaTestAutomation.tests.PlanCanada_Gifts_Of_Hope__TC_02" time="38.675" errors="0" timestamp="2021-01-05T17:35:34 EST" skipped="0">
  <testcase classname="org.PlanCanadaTestAutomation.tests.PlanCanada_Gifts_Of_Hope__TC_02" name="planCanada_Gifts_Of_Hope__TC_02" time="38.675"/>
  <system-out/>
</testsuite> <!-- org.PlanCanadaTestAutomation.tests.PlanCanada_Gifts_Of_Hope__TC_02 -->
