<?xml version="1.0" encoding="UTF-8"?>
<!-- Generated by org.testng.reporters.JUnitReportReporter -->
<testsuite hostname="WSPF1EBU0Y" failures="0" tests="1" name="org.PlanCanadaTestAutomation.tests.Flipkart_Add_To_Cart_TC_01" time="21.492" errors="0" timestamp="2020-12-23T12:11:28 EST" skipped="0">
  <testcase classname="org.PlanCanadaTestAutomation.tests.Flipkart_Add_To_Cart_TC_01" name="flipkart_Add_To_Cart_TC_01" time="21.492"/>
  <system-out/>
</testsuite> <!-- org.PlanCanadaTestAutomation.tests.Flipkart_Add_To_Cart_TC_01 -->
